<?xml version="1.0" encoding="UTF-8"?>
<robot generator="Robot 4.1.3 (Python 3.8.7 on win32)" generated="20220114 09:23:16.359" rpa="false" schemaversion="2">
<suite id="s1" name="Tvmaze-Tests" source="C:\Users\sandr\Desktop\DEV\robot-api-testing\tvmaze-tests.robot">
<test id="s1-t1" name="Get Show By ID">
<kw name="GET" library="RequestsLibrary">
<var>${response}</var>
<arg>${SHOW URL}/103</arg>
<arg>expected_status=200</arg>
<doc>Sends a GET request.</doc>
<msg timestamp="20220114 09:23:17.300" level="INFO">GET Request : url=https://api.tvmaze.com/shows/103 
 path_url=/shows/103 
 headers={'User-Agent': 'python-requests/2.25.1', 'Accept-Encoding': 'gzip, deflate', 'Accept': '*/*', 'Connection': 'keep-alive'} 
 body=None 
 </msg>
<msg timestamp="20220114 09:23:17.301" level="INFO">GET Response : url=https://api.tvmaze.com/shows/103 
 status=200, reason=OK 
 headers={'Server': 'nginx/1.18.0 (Ubuntu)', 'Date': 'Fri, 14 Jan 2022 17:23:18 GMT', 'Content-Type': 'application/json; charset=UTF-8', 'Transfer-Encoding': 'chunked', 'Connection': 'keep-alive', 'Vary': 'Accept-Encoding', 'Access-Control-Allow-Origin': '*', 'Cache-Control': 'public, max-age=3600', 'Content-Encoding': 'gzip'} 
 body={"id":103,"url":"https://www.tvmaze.com/shows/103/law-order-special-victims-unit","name":"Law &amp; Order: Special Victims Unit","type":"Scripted","language":"English","genres":["Drama","Crime","Legal"],"status":"Running","runtime":60,"averageRuntime":60,"premiered":"1999-09-20","ended":null,"officialSite":"http://www.nbc.com/law-and-order-special-victims-unit","schedule":{"time":"21:00","days":["Thursday"]},"rating":{"average":8.1},"weight":100,"network":{"id":1,"name":"NBC","country":{"name":"United States","code":"US","timezone":"America/New_York"}},"webChannel":null,"dvdCountry":null,"externals":{"tvrage":4204,"thetvdb":75692,"imdb":"tt0203259"},"image":{"medium":"https://static.tvmaze.com/uploads/images/medium_portrait/360/901800.jpg","original":"https://static.tvmaze.com/uploads/images/original_untouched/360/901800.jpg"},"summary":"&lt;p&gt;In the criminal justice system, sexually-based offenses are considered especially heinous. In New York City, the dedicated detectives who investigate these vicious felonies are members of an elite squad known as the Special Victims Unit. These are their stories.&lt;/p&gt;","updated":1642154417,"_links":{"self":{"href":"https://api.tvmaze.com/shows/103"},"previousepisode":{"href":"https://api.tvmaze.com/episodes/2215523"},"nextepisode":{"href":"https://api.tvmaze.com/episodes/2244490"}}} 
 </msg>
<msg timestamp="20220114 09:23:17.301" level="INFO">${response} = &lt;Response [200]&gt;</msg>
<status status="PASS" starttime="20220114 09:23:16.601" endtime="20220114 09:23:17.301"/>
</kw>
<status status="PASS" starttime="20220114 09:23:16.599" endtime="20220114 09:23:17.304"/>
</test>
<test id="s1-t2" name="Returns 404 Not Found When Searching For Nonexistent Show ID">
<kw name="GET" library="RequestsLibrary">
<var>${response}</var>
<arg>${SHOW URL}/92359</arg>
<arg>expected_status=404</arg>
<doc>Sends a GET request.</doc>
<msg timestamp="20220114 09:23:18.053" level="INFO">GET Request : url=https://api.tvmaze.com/shows/92359 
 path_url=/shows/92359 
 headers={'User-Agent': 'python-requests/2.25.1', 'Accept-Encoding': 'gzip, deflate', 'Accept': '*/*', 'Connection': 'keep-alive'} 
 body=None 
 </msg>
<msg timestamp="20220114 09:23:18.053" level="INFO">GET Response : url=https://api.tvmaze.com/shows/92359 
 status=404, reason=Not Found 
 headers={'Server': 'nginx/1.18.0 (Ubuntu)', 'Date': 'Fri, 14 Jan 2022 17:23:18 GMT', 'Content-Type': 'application/json; charset=UTF-8', 'Transfer-Encoding': 'chunked', 'Connection': 'keep-alive', 'Vary': 'Accept-Encoding', 'Access-Control-Allow-Origin': '*', 'Cache-Control': 'public, max-age=3600', 'Content-Encoding': 'gzip'} 
 body={"name":"Not Found","message":"","code":0,"status":404} 
 </msg>
<msg timestamp="20220114 09:23:18.053" level="INFO">${response} = &lt;Response [404]&gt;</msg>
<status status="PASS" starttime="20220114 09:23:17.312" endtime="20220114 09:23:18.054"/>
</kw>
<status status="PASS" starttime="20220114 09:23:17.309" endtime="20220114 09:23:18.055"/>
</test>
<test id="s1-t3" name="Get Request With Parameters">
<kw name="GET" library="RequestsLibrary">
<var>${response}</var>
<arg>${SEARCH URL}/shows</arg>
<arg>params=q=girls</arg>
<arg>expected_status=200</arg>
<doc>Sends a GET request.</doc>
<msg timestamp="20220114 09:23:18.764" level="INFO">GET Request : url=https://api.tvmaze.com/search/shows?q=girls 
 path_url=/search/shows?q=girls 
 headers={'User-Agent': 'python-requests/2.25.1', 'Accept-Encoding': 'gzip, deflate', 'Accept': '*/*', 'Connection': 'keep-alive'} 
 body=None 
 </msg>
<msg timestamp="20220114 09:23:18.765" level="INFO">GET Response : url=https://api.tvmaze.com/search/shows?q=girls 
 status=200, reason=OK 
 headers={'Server': 'nginx/1.18.0 (Ubuntu)', 'Date': 'Fri, 14 Jan 2022 17:23:19 GMT', 'Content-Type': 'application/json; charset=UTF-8', 'Transfer-Encoding': 'chunked', 'Connection': 'keep-alive', 'Vary': 'Accept-Encoding', 'Access-Control-Allow-Origin': '*', 'Cache-Control': 'public, max-age=3600', 'Content-Encoding': 'gzip'} 
 body=[{"score":0.9080714,"show":{"id":139,"url":"https://www.tvmaze.com/shows/139/girls","name":"Girls","type":"Scripted","language":"English","genres":["Drama","Romance"],"status":"Ended","runtime":30,"averageRuntime":30,"premiered":"2012-04-15","ended":"2017-04-16","officialSite":"http://www.hbo.com/girls","schedule":{"time":"22:00","days":["Sunday"]},"rating":{"average":6.6},"weight":97,"network":{"id":8,"name":"HBO","country":{"name":"United States","code":"US","timezone":"America/New_York"}},"webChannel":null,"dvdCountry":null,"externals":{"tvrage":30124,"thetvdb":220411,"imdb":"tt1723816"},"image":{"medium":"https://static.tvmaze.com/uploads/images/medium_portrait/31/78286.jpg","original":"https://static.tvmaze.com/uploads/images/original_untouched/31/78286.jpg"},"summary":"&lt;p&gt;This Emmy winning series is a comic look at the assorted humiliations and rare triumphs of a group of girls in their 20s.&lt;/p&gt;","updated":1611310521,"_links":{"self":{"href":"https://api.tvmaze.com/shows/139"},"previousepisode":{"href":"https://api.tvmaze.com/episodes/1079686"}}}},{"score":0.89108944,"show":{"id":41734,"url":"https://www.tvmaze.com/shows/41734/girls","name":"GIRLS","type":"Scripted","language":"Mongolian","genres":["Comedy"],"status":"Ended","runtime":41,"averageRuntime":null,"premiered":null,"ended":null,"officialSite":null,"schedule":{"time":"","days":["Thursday"]},"rating":{"average":null},"weight":51,"network":{"id":1672,"name":"UBS","country":{"name":"Mongolia","code":"MN","timezone":"Asia/Ulaanbaatar"}},"webChannel":null,"dvdCountry":null,"externals":{"tvrage":null,"thetvdb":null,"imdb":"tt8709752"},"image":{"medium":"https://static.tvmaze.com/uploads/images/medium_portrait/191/478539.jpg","original":"https://static.tvmaze.com/uploads/images/original_untouched/191/478539.jpg"},"summary":null,"updated":1632080861,"_links":{"self":{"href":"https://api.tvmaze.com/shows/41734"}}}},{"score":0.70104337,"show":{"id":33320,"url":"https://www.tvmaze.com/shows/33320/derry-girls","name":"Derry Girls","type":"Scripted","language":"English","genres":["Comedy"],"status":"Running","runtime":30,"averageRuntime":30,"premiered":"2018-01-04","ended":null,"officialSite":"http://www.channel4.com/programmes/derry-girls","schedule":{"time":"22:00","days":["Tuesday"]},"rating":{"average":8.2},"weight":93,"network":{"id":45,"name":"Channel 4","country":{"name":"United Kingdom","code":"GB","timezone":"Europe/London"}},"webChannel":null,"dvdCountry":null,"externals":{"tvrage":null,"thetvdb":338903,"imdb":"tt7120662"},"image":{"medium":"https://static.tvmaze.com/uploads/images/medium_portrait/184/460240.jpg","original":"https://static.tvmaze.com/uploads/images/original_untouched/184/460240.jpg"},"summary":"&lt;p&gt;16-year-old Erin Quinn lives with her uncompromising mother, her long-suffering father and the fearsome ‘Granda Joe', a man whose love for his daughters and granddaughters is surpassed only by his contempt for his son-in-law.&lt;/p&gt;&lt;p&gt;It's the early 90s, and Erin is used to seeing her country on the nightly news and speaking in acronyms (The IRA, The UDA, The RUC). This is a time of armed police in armoured Land Rovers and British Army check points. But it's also the time of Murder She Wrote, The Cranberries, MJ and Lisa Marie, Doc Martens, bomber jackets, The X Files, Nirvana and Wayne's World. And while The Troubles may hang over her home town, Erin has troubles of her own&lt;/p&gt;","updated":1637594376,"_links":{"self":{"href":"https://api.tvmaze.com/shows/33320"},"previousepisode":{"href":"https://api.tvmaze.com/episodes/1631064"}}}},{"score":0.70064723,"show":{"id":525,"url":"https://www.tvmaze.com/shows/525/gilmore-girls","name":"Gilmore Girls","type":"Scripted","language":"English","genres":["Drama","Comedy","Romance"],"status":"Ended","runtime":60,"averageRuntime":60,"premiered":"2000-10-05","ended":"2007-05-15","officialSite":null,"schedule":{"time":"21:00","days":["Tuesday"]},"rating":{"average":8.4},"weight":95,"network":{"id":5,"name":"The CW","country":{"name":"United States","code":"US","timezone":"America/New_York"}},"webChannel":null,"dvdCountry":null,"externals":{"tvrage":3683,"thetvdb":76568,"imdb":"tt0238784"},"image":{"medium":"https://static.tvmaze.com/uploads/images/medium_portrait/4/11308.jpg","original":"https://static.tvmaze.com/uploads/images/original_untouched/4/11308.jpg"},"summary":"&lt;p&gt;&lt;b&gt;Gilmore Girls&lt;/b&gt; is a drama centering around the relationship between a thirtysomething single mother and her teen daughter living in Stars Hollow, Connecticut.&lt;/p&gt;","updated":1618158592,"_links":{"self":{"href":"https://api.tvmaze.com/shows/525"},"previousepisode":{"href":"https://api.tvmaze.com/episodes/47639"}}}},{"score":0.7003257,"show":{"id":23542,"url":"https://www.tvmaze.com/shows/23542/good-girls","name":"Good Girls","type":"Scripted","language":"English","genres":["Drama","Comedy","Crime"],"status":"Ended","runtime":60,"averageRuntime":60,"premiered":"2018-02-26","ended":"2021-07-22","officialSite":"https://www.nbc.com/good-girls","schedule":{"time":"21:00","days":["Thursday"]},"rating":{"average":7.3},"weight":97,"network":{"id":1,"name":"NBC","country":{"name":"United States","code":"US","timezone":"America/New_York"}},"webChannel":null,"dvdCountry":null,"externals":{"tvrage":null,"thetvdb":328577,"imdb":"tt6474378"},"image":{"medium":"https://static.tvmaze.com/uploads/images/medium_portrait/297/744253.jpg","original":"https://static.tvmaze.com/uploads/images/original_untouched/297/744253.jpg"},"summary":"&lt;p&gt;&lt;b&gt;Good Girls&lt;/b&gt; follows three \"good girl\" suburban wives and mothers who suddenly find themselves in desperate circumstances and decide to stop playing it safe, and risk everything to take their power back.&lt;/p&gt;","updated":1627294164,"_links":{"self":{"href":"https://api.tvmaze.com/shows/23542"},"previousepisode":{"href":"https://api.tvmaze.com/episodes/2108575"}}}},{"score":0.6995033,"show":{"id":49334,"url":"https://www.tvmaze.com/shows/49334/shining-girls","name":"Shining Girls","type":"Scripted","language":"English","genres":["Thriller"],"status":"In Development","runtime":null,"averageRuntime":null,"premiered":null,"ended":null,"officialSite":null,"schedule":{"time":"","days":[]},"rating":{"average":null},"weight":81,"network":null,"webChannel":{"id":310,"name":"Apple TV+","country":null},"dvdCountry":null,"externals":{"tvrage":null,"thetvdb":null,"imdb":null},"image":null,"summary":"&lt;p&gt;&lt;b&gt;Shining Girls&lt;/b&gt; is a metaphysical thriller, which follows a Chicago reporter who survived a brutal assault only to find her reality shifting as she hunts down her attacker.&lt;/p&gt;","updated":1627022370,"_links":{"self":{"href":"https://api.tvmaze.com/shows/49334"}}}},{"score":0.697774,"show":{"id":1073,"url":"https://www.tvmaze.com/shows/1073/bomb-girls","name":"Bomb Girls","type":"Scripted","language":"English","genres":["Drama","Romance","War"],"status":"Ended","runtime":60,"averageRuntime":60,"premiered":"2012-01-04","ended":"2013-04-29","officialSite":null,"schedule":{"time":"20:00","days":["Monday"]},"rating":{"average":8.8},"weight":47,"network":{"id":67,"name":"Global","country":{"name":"Canada","code":"CA","timezone":"America/Halifax"}},"webChannel":null,"dvdCountry":null,"externals":{"tvrage":30600,"thetvdb":254378,"imdb":"tt1955311"},"image":{"medium":"https://static.tvmaze.com/uploads/images/medium_portrait/7/17549.jpg","original":"https://static.tvmaze.com/uploads/images/original_untouched/7/17549.jpg"},"summary":"&lt;p&gt;Set in the 1940s, &lt;b&gt;Bomb Girls&lt;/b&gt; tells the remarkable stories of the women who risked their lives in a munitions factory building bombs for the Allied forces fighting on the European front. The series delves into the lives of these exceptional women – peers, friends and rivals – who find themselves thrust into new worlds and changed profoundly as they are liberated from their home and social restrictions.&lt;/p&gt;","updated":1592496010,"_links":{"self":{"href":"https://api.tvmaze.com/shows/1073"},"previousepisode":{"href":"https://api.tvmaze.com/episodes/108024"}}}},{"score":0.6972318,"show":{"id":42986,"url":"https://www.tvmaze.com/shows/42986/paper-girls","name":"Paper Girls","type":"Scripted","language":"English","genres":["Drama","Science-Fiction"],"status":"In Development","runtime":null,"averageRuntime":null,"premiered":null,"ended":null,"officialSite":null,"schedule":{"time":"","days":[]},"rating":{"average":null},"weight":77,"network":null,"webChannel":{"id":3,"name":"Amazon Prime Video","country":null},"dvdCountry":null,"externals":{"tvrage":null,"thetvdb":368187,"imdb":"tt10623646"},"image":null,"summary":"&lt;p&gt;&lt;b&gt;Paper Girls &lt;/b&gt;follows four young girls who, while out delivering papers on the morning after Halloween in 1988, become unwittingly caught in a conflict between warring factions of time-travelers, sending them on an adventure through time that will save the world. As they travel between our present, the past, and the future — they encounter future versions of themselves and now must choose to embrace or reject their fate. An emotional adventure in which the girls and the women they eventually become are tough, their friendships are authentic, and their journey through time is epic.&lt;/p&gt;","updated":1623788103,"_links":{"self":{"href":"https://api.tvmaze.com/shows/42986"}}}},{"score":0.69341373,"show":{"id":32087,"url":"https://www.tvmaze.com/shows/32087/chicken-girls","name":"Chicken Girls","type":"Scripted","language":"English","genres":["Drama","Children","Music"],"status":"Running","runtime":null,"averageRuntime":14,"premiered":"2017-09-05","ended":null,"officialSite":"https://www.youtube.com/playlist?list=PLVewHiZp3_LPhqzbcZFmS3iuDm9HymTsy","schedule":{"time":"15:00","days":["Tuesday"]},"rating":{"average":5.7},"weight":82,"network":null,"webChannel":{"id":274,"name":"Brat","country":{"name":"United States","code":"US","timezone":"America/New_York"}},"dvdCountry":null,"externals":{"tvrage":null,"thetvdb":339854,"imdb":null},"image":{"medium":"https://static.tvmaze.com/uploads/ima... (set the log level to DEBUG or TRACE to see the full content) 
 </msg>
<msg timestamp="20220114 09:23:18.766" level="INFO">${response} = &lt;Response [200]&gt;</msg>
<status status="PASS" starttime="20220114 09:23:18.060" endtime="20220114 09:23:18.767"/>
</kw>
<status status="PASS" starttime="20220114 09:23:18.059" endtime="20220114 09:23:18.769"/>
</test>
<test id="s1-t4" name="Search Returns Expected Show On Top">
<kw name="GET" library="RequestsLibrary">
<var>${response}</var>
<arg>${SEARCH URL}/shows</arg>
<arg>params=q=girls</arg>
<arg>expected_status=200</arg>
<doc>Sends a GET request.</doc>
<msg timestamp="20220114 09:23:19.484" level="INFO">GET Request : url=https://api.tvmaze.com/search/shows?q=girls 
 path_url=/search/shows?q=girls 
 headers={'User-Agent': 'python-requests/2.25.1', 'Accept-Encoding': 'gzip, deflate', 'Accept': '*/*', 'Connection': 'keep-alive'} 
 body=None 
 </msg>
<msg timestamp="20220114 09:23:19.485" level="INFO">GET Response : url=https://api.tvmaze.com/search/shows?q=girls 
 status=200, reason=OK 
 headers={'Server': 'nginx/1.18.0 (Ubuntu)', 'Date': 'Fri, 14 Jan 2022 17:23:20 GMT', 'Content-Type': 'application/json; charset=UTF-8', 'Transfer-Encoding': 'chunked', 'Connection': 'keep-alive', 'Vary': 'Accept-Encoding', 'Access-Control-Allow-Origin': '*', 'Cache-Control': 'public, max-age=3600', 'Content-Encoding': 'gzip'} 
 body=[{"score":0.9080714,"show":{"id":139,"url":"https://www.tvmaze.com/shows/139/girls","name":"Girls","type":"Scripted","language":"English","genres":["Drama","Romance"],"status":"Ended","runtime":30,"averageRuntime":30,"premiered":"2012-04-15","ended":"2017-04-16","officialSite":"http://www.hbo.com/girls","schedule":{"time":"22:00","days":["Sunday"]},"rating":{"average":6.6},"weight":97,"network":{"id":8,"name":"HBO","country":{"name":"United States","code":"US","timezone":"America/New_York"}},"webChannel":null,"dvdCountry":null,"externals":{"tvrage":30124,"thetvdb":220411,"imdb":"tt1723816"},"image":{"medium":"https://static.tvmaze.com/uploads/images/medium_portrait/31/78286.jpg","original":"https://static.tvmaze.com/uploads/images/original_untouched/31/78286.jpg"},"summary":"&lt;p&gt;This Emmy winning series is a comic look at the assorted humiliations and rare triumphs of a group of girls in their 20s.&lt;/p&gt;","updated":1611310521,"_links":{"self":{"href":"https://api.tvmaze.com/shows/139"},"previousepisode":{"href":"https://api.tvmaze.com/episodes/1079686"}}}},{"score":0.89108944,"show":{"id":41734,"url":"https://www.tvmaze.com/shows/41734/girls","name":"GIRLS","type":"Scripted","language":"Mongolian","genres":["Comedy"],"status":"Ended","runtime":41,"averageRuntime":null,"premiered":null,"ended":null,"officialSite":null,"schedule":{"time":"","days":["Thursday"]},"rating":{"average":null},"weight":51,"network":{"id":1672,"name":"UBS","country":{"name":"Mongolia","code":"MN","timezone":"Asia/Ulaanbaatar"}},"webChannel":null,"dvdCountry":null,"externals":{"tvrage":null,"thetvdb":null,"imdb":"tt8709752"},"image":{"medium":"https://static.tvmaze.com/uploads/images/medium_portrait/191/478539.jpg","original":"https://static.tvmaze.com/uploads/images/original_untouched/191/478539.jpg"},"summary":null,"updated":1632080861,"_links":{"self":{"href":"https://api.tvmaze.com/shows/41734"}}}},{"score":0.70104337,"show":{"id":33320,"url":"https://www.tvmaze.com/shows/33320/derry-girls","name":"Derry Girls","type":"Scripted","language":"English","genres":["Comedy"],"status":"Running","runtime":30,"averageRuntime":30,"premiered":"2018-01-04","ended":null,"officialSite":"http://www.channel4.com/programmes/derry-girls","schedule":{"time":"22:00","days":["Tuesday"]},"rating":{"average":8.2},"weight":93,"network":{"id":45,"name":"Channel 4","country":{"name":"United Kingdom","code":"GB","timezone":"Europe/London"}},"webChannel":null,"dvdCountry":null,"externals":{"tvrage":null,"thetvdb":338903,"imdb":"tt7120662"},"image":{"medium":"https://static.tvmaze.com/uploads/images/medium_portrait/184/460240.jpg","original":"https://static.tvmaze.com/uploads/images/original_untouched/184/460240.jpg"},"summary":"&lt;p&gt;16-year-old Erin Quinn lives with her uncompromising mother, her long-suffering father and the fearsome ‘Granda Joe', a man whose love for his daughters and granddaughters is surpassed only by his contempt for his son-in-law.&lt;/p&gt;&lt;p&gt;It's the early 90s, and Erin is used to seeing her country on the nightly news and speaking in acronyms (The IRA, The UDA, The RUC). This is a time of armed police in armoured Land Rovers and British Army check points. But it's also the time of Murder She Wrote, The Cranberries, MJ and Lisa Marie, Doc Martens, bomber jackets, The X Files, Nirvana and Wayne's World. And while The Troubles may hang over her home town, Erin has troubles of her own&lt;/p&gt;","updated":1637594376,"_links":{"self":{"href":"https://api.tvmaze.com/shows/33320"},"previousepisode":{"href":"https://api.tvmaze.com/episodes/1631064"}}}},{"score":0.70064723,"show":{"id":525,"url":"https://www.tvmaze.com/shows/525/gilmore-girls","name":"Gilmore Girls","type":"Scripted","language":"English","genres":["Drama","Comedy","Romance"],"status":"Ended","runtime":60,"averageRuntime":60,"premiered":"2000-10-05","ended":"2007-05-15","officialSite":null,"schedule":{"time":"21:00","days":["Tuesday"]},"rating":{"average":8.4},"weight":95,"network":{"id":5,"name":"The CW","country":{"name":"United States","code":"US","timezone":"America/New_York"}},"webChannel":null,"dvdCountry":null,"externals":{"tvrage":3683,"thetvdb":76568,"imdb":"tt0238784"},"image":{"medium":"https://static.tvmaze.com/uploads/images/medium_portrait/4/11308.jpg","original":"https://static.tvmaze.com/uploads/images/original_untouched/4/11308.jpg"},"summary":"&lt;p&gt;&lt;b&gt;Gilmore Girls&lt;/b&gt; is a drama centering around the relationship between a thirtysomething single mother and her teen daughter living in Stars Hollow, Connecticut.&lt;/p&gt;","updated":1618158592,"_links":{"self":{"href":"https://api.tvmaze.com/shows/525"},"previousepisode":{"href":"https://api.tvmaze.com/episodes/47639"}}}},{"score":0.7003257,"show":{"id":23542,"url":"https://www.tvmaze.com/shows/23542/good-girls","name":"Good Girls","type":"Scripted","language":"English","genres":["Drama","Comedy","Crime"],"status":"Ended","runtime":60,"averageRuntime":60,"premiered":"2018-02-26","ended":"2021-07-22","officialSite":"https://www.nbc.com/good-girls","schedule":{"time":"21:00","days":["Thursday"]},"rating":{"average":7.3},"weight":97,"network":{"id":1,"name":"NBC","country":{"name":"United States","code":"US","timezone":"America/New_York"}},"webChannel":null,"dvdCountry":null,"externals":{"tvrage":null,"thetvdb":328577,"imdb":"tt6474378"},"image":{"medium":"https://static.tvmaze.com/uploads/images/medium_portrait/297/744253.jpg","original":"https://static.tvmaze.com/uploads/images/original_untouched/297/744253.jpg"},"summary":"&lt;p&gt;&lt;b&gt;Good Girls&lt;/b&gt; follows three \"good girl\" suburban wives and mothers who suddenly find themselves in desperate circumstances and decide to stop playing it safe, and risk everything to take their power back.&lt;/p&gt;","updated":1627294164,"_links":{"self":{"href":"https://api.tvmaze.com/shows/23542"},"previousepisode":{"href":"https://api.tvmaze.com/episodes/2108575"}}}},{"score":0.6995033,"show":{"id":49334,"url":"https://www.tvmaze.com/shows/49334/shining-girls","name":"Shining Girls","type":"Scripted","language":"English","genres":["Thriller"],"status":"In Development","runtime":null,"averageRuntime":null,"premiered":null,"ended":null,"officialSite":null,"schedule":{"time":"","days":[]},"rating":{"average":null},"weight":81,"network":null,"webChannel":{"id":310,"name":"Apple TV+","country":null},"dvdCountry":null,"externals":{"tvrage":null,"thetvdb":null,"imdb":null},"image":null,"summary":"&lt;p&gt;&lt;b&gt;Shining Girls&lt;/b&gt; is a metaphysical thriller, which follows a Chicago reporter who survived a brutal assault only to find her reality shifting as she hunts down her attacker.&lt;/p&gt;","updated":1627022370,"_links":{"self":{"href":"https://api.tvmaze.com/shows/49334"}}}},{"score":0.697774,"show":{"id":1073,"url":"https://www.tvmaze.com/shows/1073/bomb-girls","name":"Bomb Girls","type":"Scripted","language":"English","genres":["Drama","Romance","War"],"status":"Ended","runtime":60,"averageRuntime":60,"premiered":"2012-01-04","ended":"2013-04-29","officialSite":null,"schedule":{"time":"20:00","days":["Monday"]},"rating":{"average":8.8},"weight":47,"network":{"id":67,"name":"Global","country":{"name":"Canada","code":"CA","timezone":"America/Halifax"}},"webChannel":null,"dvdCountry":null,"externals":{"tvrage":30600,"thetvdb":254378,"imdb":"tt1955311"},"image":{"medium":"https://static.tvmaze.com/uploads/images/medium_portrait/7/17549.jpg","original":"https://static.tvmaze.com/uploads/images/original_untouched/7/17549.jpg"},"summary":"&lt;p&gt;Set in the 1940s, &lt;b&gt;Bomb Girls&lt;/b&gt; tells the remarkable stories of the women who risked their lives in a munitions factory building bombs for the Allied forces fighting on the European front. The series delves into the lives of these exceptional women – peers, friends and rivals – who find themselves thrust into new worlds and changed profoundly as they are liberated from their home and social restrictions.&lt;/p&gt;","updated":1592496010,"_links":{"self":{"href":"https://api.tvmaze.com/shows/1073"},"previousepisode":{"href":"https://api.tvmaze.com/episodes/108024"}}}},{"score":0.6972318,"show":{"id":42986,"url":"https://www.tvmaze.com/shows/42986/paper-girls","name":"Paper Girls","type":"Scripted","language":"English","genres":["Drama","Science-Fiction"],"status":"In Development","runtime":null,"averageRuntime":null,"premiered":null,"ended":null,"officialSite":null,"schedule":{"time":"","days":[]},"rating":{"average":null},"weight":77,"network":null,"webChannel":{"id":3,"name":"Amazon Prime Video","country":null},"dvdCountry":null,"externals":{"tvrage":null,"thetvdb":368187,"imdb":"tt10623646"},"image":null,"summary":"&lt;p&gt;&lt;b&gt;Paper Girls &lt;/b&gt;follows four young girls who, while out delivering papers on the morning after Halloween in 1988, become unwittingly caught in a conflict between warring factions of time-travelers, sending them on an adventure through time that will save the world. As they travel between our present, the past, and the future — they encounter future versions of themselves and now must choose to embrace or reject their fate. An emotional adventure in which the girls and the women they eventually become are tough, their friendships are authentic, and their journey through time is epic.&lt;/p&gt;","updated":1623788103,"_links":{"self":{"href":"https://api.tvmaze.com/shows/42986"}}}},{"score":0.69341373,"show":{"id":32087,"url":"https://www.tvmaze.com/shows/32087/chicken-girls","name":"Chicken Girls","type":"Scripted","language":"English","genres":["Drama","Children","Music"],"status":"Running","runtime":null,"averageRuntime":14,"premiered":"2017-09-05","ended":null,"officialSite":"https://www.youtube.com/playlist?list=PLVewHiZp3_LPhqzbcZFmS3iuDm9HymTsy","schedule":{"time":"15:00","days":["Tuesday"]},"rating":{"average":5.7},"weight":82,"network":null,"webChannel":{"id":274,"name":"Brat","country":{"name":"United States","code":"US","timezone":"America/New_York"}},"dvdCountry":null,"externals":{"tvrage":null,"thetvdb":339854,"imdb":null},"image":{"medium":"https://static.tvmaze.com/uploads/ima... (set the log level to DEBUG or TRACE to see the full content) 
 </msg>
<msg timestamp="20220114 09:23:19.487" level="INFO">${response} = &lt;Response [200]&gt;</msg>
<status status="PASS" starttime="20220114 09:23:18.785" endtime="20220114 09:23:19.487"/>
</kw>
<kw name="Should Be Equal As Strings" library="BuiltIn">
<arg>139</arg>
<arg>${response.json()[0]["show"]["id"]}</arg>
<doc>Fails if objects are unequal after converting them to strings.</doc>
<msg timestamp="20220114 09:23:19.495" level="INFO">Argument types are:
&lt;type 'unicode'&gt;
&lt;class 'int'&gt;</msg>
<status status="PASS" starttime="20220114 09:23:19.489" endtime="20220114 09:23:19.497"/>
</kw>
<status status="PASS" starttime="20220114 09:23:18.779" endtime="20220114 09:23:19.500"/>
</test>
<test id="s1-t5" name="Single Search Returns Expected Show">
<kw name="GET" library="RequestsLibrary">
<var>${response}</var>
<arg>${SINGLESEARCH URL}/shows</arg>
<arg>params=q=girls</arg>
<arg>expected_status=200</arg>
<doc>Sends a GET request.</doc>
<msg timestamp="20220114 09:23:20.227" level="INFO">GET Request : url=https://api.tvmaze.com/singlesearch/shows?q=girls 
 path_url=/singlesearch/shows?q=girls 
 headers={'User-Agent': 'python-requests/2.25.1', 'Accept-Encoding': 'gzip, deflate', 'Accept': '*/*', 'Connection': 'keep-alive'} 
 body=None 
 </msg>
<msg timestamp="20220114 09:23:20.228" level="INFO">GET Response : url=https://api.tvmaze.com/singlesearch/shows?q=girls 
 status=200, reason=OK 
 headers={'Server': 'nginx/1.18.0 (Ubuntu)', 'Date': 'Fri, 14 Jan 2022 17:23:20 GMT', 'Content-Type': 'application/json; charset=UTF-8', 'Transfer-Encoding': 'chunked', 'Connection': 'keep-alive', 'Vary': 'Accept-Encoding', 'Access-Control-Allow-Origin': '*', 'Cache-Control': 'public, max-age=3600', 'Content-Encoding': 'gzip'} 
 body={"id":139,"url":"https://www.tvmaze.com/shows/139/girls","name":"Girls","type":"Scripted","language":"English","genres":["Drama","Romance"],"status":"Ended","runtime":30,"averageRuntime":30,"premiered":"2012-04-15","ended":"2017-04-16","officialSite":"http://www.hbo.com/girls","schedule":{"time":"22:00","days":["Sunday"]},"rating":{"average":6.6},"weight":97,"network":{"id":8,"name":"HBO","country":{"name":"United States","code":"US","timezone":"America/New_York"}},"webChannel":null,"dvdCountry":null,"externals":{"tvrage":30124,"thetvdb":220411,"imdb":"tt1723816"},"image":{"medium":"https://static.tvmaze.com/uploads/images/medium_portrait/31/78286.jpg","original":"https://static.tvmaze.com/uploads/images/original_untouched/31/78286.jpg"},"summary":"&lt;p&gt;This Emmy winning series is a comic look at the assorted humiliations and rare triumphs of a group of girls in their 20s.&lt;/p&gt;","updated":1611310521,"_links":{"self":{"href":"https://api.tvmaze.com/shows/139"},"previousepisode":{"href":"https://api.tvmaze.com/episodes/1079686"}}} 
 </msg>
<msg timestamp="20220114 09:23:20.230" level="INFO">${response} = &lt;Response [200]&gt;</msg>
<status status="PASS" starttime="20220114 09:23:19.520" endtime="20220114 09:23:20.230"/>
</kw>
<kw name="Should Be Equal As Strings" library="BuiltIn">
<arg>139</arg>
<arg>${response.json()["id"]}</arg>
<doc>Fails if objects are unequal after converting them to strings.</doc>
<msg timestamp="20220114 09:23:20.238" level="INFO">Argument types are:
&lt;type 'unicode'&gt;
&lt;class 'int'&gt;</msg>
<status status="PASS" starttime="20220114 09:23:20.233" endtime="20220114 09:23:20.238"/>
</kw>
<status status="PASS" starttime="20220114 09:23:19.509" endtime="20220114 09:23:20.240"/>
</test>
<status status="PASS" starttime="20220114 09:23:16.360" endtime="20220114 09:23:20.252"/>
</suite>
<statistics>
<total>
<stat pass="5" fail="0" skip="0">All Tests</stat>
</total>
<tag>
</tag>
<suite>
<stat pass="5" fail="0" skip="0" id="s1" name="Tvmaze-Tests">Tvmaze-Tests</stat>
</suite>
</statistics>
<errors>
</errors>
</robot>
